<?xml version="1.0" encoding="UTF-8"?>
<testng-results ignored="0" total="4" passed="4" failed="0" skipped="0">
  <reporter-output>
  </reporter-output>
  <suite started-at="2019-07-10T22:36:45Z" name="Default suite" finished-at="2019-07-10T22:37:41Z" duration-ms="56124">
    <groups>
    </groups>
    <test started-at="2019-07-10T22:36:45Z" name="Default test" finished-at="2019-07-10T22:37:41Z" duration-ms="56124">
      <class name="walletHub.Assignment2">
        <test-method is-config="true" signature="browserSetUp()[pri:0, instance:walletHub.Assignment2@6e509ffa]" started-at="2019-07-10T22:36:45Z" name="browserSetUp" finished-at="2019-07-10T22:36:58Z" duration-ms="12647" status="PASS">
          <reporter-output>
          </reporter-output>
        </test-method> <!-- browserSetUp -->
        <test-method signature="walletHubLogin()[pri:1, instance:walletHub.Assignment2@6e509ffa]" started-at="2019-07-10T22:36:58Z" name="walletHubLogin" description="*************Put credentials and Login*************" finished-at="2019-07-10T22:37:06Z" duration-ms="8023" status="PASS">
          <reporter-output>
          </reporter-output>
        </test-method> <!-- walletHubLogin -->
        <test-method signature="hoverAndClick5Star()[pri:2, instance:walletHub.Assignment2@6e509ffa]" started-at="2019-07-10T22:37:06Z" name="hoverAndClick5Star" description="*************Scroll down, hover and click on 5 stars*************" finished-at="2019-07-10T22:37:17Z" duration-ms="11699" status="PASS">
          <reporter-output>
          </reporter-output>
        </test-method> <!-- hoverAndClick5Star -->
        <test-method signature="selectReviewSubmit()[pri:3, instance:walletHub.Assignment2@6e509ffa]" started-at="2019-07-10T22:37:17Z" name="selectReviewSubmit" description="************* Select Health Insurance in Policy Dropdown and Write review and Submit *************" finished-at="2019-07-10T22:37:36Z" duration-ms="18364" status="PASS">
          <reporter-output>
          </reporter-output>
        </test-method> <!-- selectReviewSubmit -->
        <test-method signature="goToProfileAndConfirm()[pri:4, instance:walletHub.Assignment2@6e509ffa]" started-at="2019-07-10T22:37:36Z" name="goToProfileAndConfirm" description="************* Go to profile and confirm Review Feed posted in the Reviews section *************" finished-at="2019-07-10T22:37:40Z" duration-ms="4576" status="PASS">
          <reporter-output>
          </reporter-output>
        </test-method> <!-- goToProfileAndConfirm -->
        <test-method is-config="true" signature="terminateBrowser()[pri:0, instance:walletHub.Assignment2@6e509ffa]" started-at="2019-07-10T22:37:40Z" name="terminateBrowser" finished-at="2019-07-10T22:37:41Z" duration-ms="752" status="PASS">
          <reporter-output>
          </reporter-output>
        </test-method> <!-- terminateBrowser -->
      </class> <!-- walletHub.Assignment2 -->
    </test> <!-- Default test -->
  </suite> <!-- Default suite -->
</testng-results>
