<?xml version="1.0" encoding="UTF-8"?>
<!-- Generated by org.testng.reporters.JUnitXMLReporter -->
<testsuite ignored="1" hostname="DESKTOP-GH57NSN" failures="0" tests="3" name="Testing XML" time="21.348" errors="0" timestamp="14 Jun 2019 06:36:37 GMT">
  <testcase classname="webTableConcepts.RedBus" name="verifyHomePage" time="2.691"/>
  <testcase classname="webTableConcepts.RedBus" name="selectDate" time="1.038"/>
  <testcase classname="webTableConcepts.RedBus" name="clickSearch" time="4.312"/>
  <testcase classname="webTableConcepts.RedBus" name="selectOneBus" time="0.0">
    <ignored/>
  </testcase> <!-- selectOneBus -->
</testsuite> <!-- Testing XML -->
