<?xml version="1.0" encoding="UTF-8"?>
<!-- Generated by org.testng.reporters.JUnitXMLReporter -->
<testsuite hostname="LAPTOP-R6HR3B0J" name="Default test" tests="2" failures="0" timestamp="30 Apr 2020 09:30:43 GMT" time="0.054" errors="0">
  <testcase name="@BeforeMethod browserInitialization" time="0.0" classname="com.cts.aig.selenium.test.testCase.Assignment04">
    <failure type="java.lang.NullPointerException">
      <![CDATA[java.lang.NullPointerException
	at com.cts.aig.selenium.utility.TestExecutor.openBrowser(TestExecutor.java:48)
	at com.cts.aig.selenium.test.testCase.Assignment04.browserInitialization(Assignment04.java:15)
	at sun.reflect.NativeMethodAccessorImpl.invoke0(Native Method)
	at sun.reflect.NativeMethodAccessorImpl.invoke(Unknown Source)
	at sun.reflect.DelegatingMethodAccessorImpl.invoke(Unknown Source)
	at java.lang.reflect.Method.invoke(Unknown Source)
	at org.testng.internal.MethodInvocationHelper.invokeMethod(MethodInvocationHelper.java:85)
	at org.testng.internal.Invoker.invokeConfigurationMethod(Invoker.java:510)
	at org.testng.internal.Invoker.invokeConfigurations(Invoker.java:211)
	at org.testng.internal.Invoker.invokeMethod(Invoker.java:585)
	at org.testng.internal.Invoker.invokeTestMethod(Invoker.java:816)
	at org.testng.internal.Invoker.invokeTestMethods(Invoker.java:1124)
	at org.testng.internal.TestMethodWorker.invokeTestMethods(TestMethodWorker.java:125)
	at org.testng.internal.TestMethodWorker.run(TestMethodWorker.java:108)
	at org.testng.TestRunner.privateRun(TestRunner.java:774)
	at org.testng.TestRunner.run(TestRunner.java:624)
	at org.testng.SuiteRunner.runTest(SuiteRunner.java:359)
	at org.testng.SuiteRunner.runSequentially(SuiteRunner.java:354)
	at org.testng.SuiteRunner.privateRun(SuiteRunner.java:312)
	at org.testng.SuiteRunner.run(SuiteRunner.java:261)
	at org.testng.SuiteRunnerWorker.runSuite(SuiteRunnerWorker.java:52)
	at org.testng.SuiteRunnerWorker.run(SuiteRunnerWorker.java:86)
	at org.testng.TestNG.runSuitesSequentially(TestNG.java:1215)
	at org.testng.TestNG.runSuitesLocally(TestNG.java:1140)
	at org.testng.TestNG.run(TestNG.java:1048)
	at org.testng.remote.AbstractRemoteTestNG.run(AbstractRemoteTestNG.java:114)
	at org.testng.remote.RemoteTestNG.initAndRun(RemoteTestNG.java:251)
	at org.testng.remote.RemoteTestNG.main(RemoteTestNG.java:77)
]]>
    </failure>
  </testcase> <!-- @BeforeMethod browserInitialization -->
  <testcase name="@BeforeMethod browserInitialization" time="0.0" classname="com.cts.aig.selenium.test.testCase.Assignment04">
    <skipped/>
  </testcase> <!-- @BeforeMethod browserInitialization -->
  <testcase name="@AfterClass tearDown" time="0.0" classname="com.cts.aig.selenium.test.testCase.Assignment04">
    <skipped/>
  </testcase> <!-- @AfterClass tearDown -->
  <testcase name="handleInputFieldDisplay" time="0.002" classname="com.cts.aig.selenium.test.testCase.Assignment04">
    <skipped/>
  </testcase> <!-- handleInputFieldDisplay -->
  <testcase name="handleInputFieldSum" time="0.002" classname="com.cts.aig.selenium.test.testCase.Assignment04">
    <skipped/>
  </testcase> <!-- handleInputFieldSum -->
</testsuite> <!-- Default test -->
