<?xml version="1.0" encoding="UTF-8"?>
<testng-results skipped="0" failed="0" total="19" passed="19">
  <reporter-output>
    <line>
      <![CDATA[<br>]]>
    </line>
    <line>
      <![CDATA[<p>2020-04-30 04:09:04 : ie</p>]]>
    </line>
    <line>
      <![CDATA[<img src='C:\SELENIUM\Workspace\AigOnboardingAssignment\screenshot\ie_2020_04_30_04_09_04.png' height ='550' width='1080' >]]>
    </line>
    <line>
      <![CDATA[</br>]]>
    </line>
    <line>
      <![CDATA[<br>]]>
    </line>
    <line>
      <![CDATA[<p>2020-04-30 04:09:25 : chrome</p>]]>
    </line>
    <line>
      <![CDATA[<img src='C:\SELENIUM\Workspace\AigOnboardingAssignment\screenshot\chrome_2020_04_30_04_09_25.png' height ='550' width='1080' >]]>
    </line>
    <line>
      <![CDATA[</br>]]>
    </line>
    <line>
      <![CDATA[<br>]]>
    </line>
    <line>
      <![CDATA[<p>2020-04-30 04:10:06 : firefox</p>]]>
    </line>
    <line>
      <![CDATA[<img src='C:\SELENIUM\Workspace\AigOnboardingAssignment\screenshot\firefox_2020_04_30_04_10_06.png' height ='550' width='1080' >]]>
    </line>
    <line>
      <![CDATA[</br>]]>
    </line>
    <line>
      <![CDATA[<br>]]>
    </line>
    <line>
      <![CDATA[<p>2020-04-30 04:10:42 : BeforeLogIN</p>]]>
    </line>
    <line>
      <![CDATA[<img src='C:\SELENIUM\Workspace\AigOnboardingAssignment\screenshot\BeforeLogIN_2020_04_30_04_10_42.png' height ='550' width='1080' >]]>
    </line>
    <line>
      <![CDATA[</br>]]>
    </line>
    <line>
      <![CDATA[<br>]]>
    </line>
    <line>
      <![CDATA[<p>2020-04-30 04:10:46 : AfterLogIN</p>]]>
    </line>
    <line>
      <![CDATA[<img src='C:\SELENIUM\Workspace\AigOnboardingAssignment\screenshot\AfterLogIN_2020_04_30_04_10_46.png' height ='550' width='1080' >]]>
    </line>
    <line>
      <![CDATA[</br>]]>
    </line>
    <line>
      <![CDATA[<br>]]>
    </line>
    <line>
      <![CDATA[<p>2020-04-30 04:11:01 : User Registration</p>]]>
    </line>
    <line>
      <![CDATA[<img src='C:\SELENIUM\Workspace\AigOnboardingAssignment\screenshot\User Registration_2020_04_30_04_11_01.png' height ='550' width='1080' >]]>
    </line>
    <line>
      <![CDATA[</br>]]>
    </line>
    <line>
      <![CDATA[<p>2020-04-30 04:11:18 : Executing priority = 1, @Test annotations method.</p>]]>
    </line>
    <line>
      <![CDATA[<br>]]>
    </line>
    <line>
      <![CDATA[<p>2020-04-30 04:11:19 : Show Message</p>]]>
    </line>
    <line>
      <![CDATA[<img src='C:\SELENIUM\Workspace\AigOnboardingAssignment\screenshot\Show Message_2020_04_30_04_11_19.png' height ='550' width='1080' >]]>
    </line>
    <line>
      <![CDATA[</br>]]>
    </line>
    <line>
      <![CDATA[<p>2020-04-30 04:11:35 : Executing priority = 2, @Test annotations method.</p>]]>
    </line>
    <line>
      <![CDATA[<p>2020-04-30 04:11:35 : Data: ValueA =11 ValueB =21</p>]]>
    </line>
    <line>
      <![CDATA[<br>]]>
    </line>
    <line>
      <![CDATA[<p>2020-04-30 04:11:36 : Sum Total</p>]]>
    </line>
    <line>
      <![CDATA[<img src='C:\SELENIUM\Workspace\AigOnboardingAssignment\screenshot\Sum Total_2020_04_30_04_11_36.png' height ='550' width='1080' >]]>
    </line>
    <line>
      <![CDATA[</br>]]>
    </line>
    <line>
      <![CDATA[<p>2020-04-30 04:11:52 : Executing priority = 2, @Test annotations method.</p>]]>
    </line>
    <line>
      <![CDATA[<p>2020-04-30 04:11:52 : Data: ValueA =321 ValueB =987</p>]]>
    </line>
    <line>
      <![CDATA[<br>]]>
    </line>
    <line>
      <![CDATA[<p>2020-04-30 04:11:54 : Sum Total</p>]]>
    </line>
    <line>
      <![CDATA[<img src='C:\SELENIUM\Workspace\AigOnboardingAssignment\screenshot\Sum Total_2020_04_30_04_11_54.png' height ='550' width='1080' >]]>
    </line>
    <line>
      <![CDATA[</br>]]>
    </line>
    <line>
      <![CDATA[<p>2020-04-30 04:12:11 : Executing priority = 2, @Test annotations method.</p>]]>
    </line>
    <line>
      <![CDATA[<p>2020-04-30 04:12:11 : Data: ValueA =7895 ValueB =6524</p>]]>
    </line>
    <line>
      <![CDATA[<br>]]>
    </line>
    <line>
      <![CDATA[<p>2020-04-30 04:12:13 : Sum Total</p>]]>
    </line>
    <line>
      <![CDATA[<img src='C:\SELENIUM\Workspace\AigOnboardingAssignment\screenshot\Sum Total_2020_04_30_04_12_13.png' height ='550' width='1080' >]]>
    </line>
    <line>
      <![CDATA[</br>]]>
    </line>
    <line>
      <![CDATA[<p>2020-04-30 04:12:30 : Executing priority = 2, @Test annotations method.</p>]]>
    </line>
    <line>
      <![CDATA[<p>2020-04-30 04:12:30 : Data: ValueA =123545 ValueB =654872</p>]]>
    </line>
    <line>
      <![CDATA[<br>]]>
    </line>
    <line>
      <![CDATA[<p>2020-04-30 04:12:31 : Sum Total</p>]]>
    </line>
    <line>
      <![CDATA[<img src='C:\SELENIUM\Workspace\AigOnboardingAssignment\screenshot\Sum Total_2020_04_30_04_12_31.png' height ='550' width='1080' >]]>
    </line>
    <line>
      <![CDATA[</br>]]>
    </line>
    <line>
      <![CDATA[<br>]]>
    </line>
    <line>
      <![CDATA[<p>2020-04-30 04:12:49 : Total Links available-15</p>]]>
    </line>
    <line>
      <![CDATA[<img src='C:\SELENIUM\Workspace\AigOnboardingAssignment\screenshot\Total Links available-15_2020_04_30_04_12_49.png' height ='550' width='1080' >]]>
    </line>
    <line>
      <![CDATA[</br>]]>
    </line>
    <line>
      <![CDATA[<p>2020-04-30 04:12:49 : Total Number of Link available in this page= 15. Page Url: https://s1.demo.opensourcecms.com/wordpress/</p>]]>
    </line>
    <line>
      <![CDATA[<p>2020-04-30 04:13:06 : Current page title: Create your Google Account</p>]]>
    </line>
    <line>
      <![CDATA[<br>]]>
    </line>
    <line>
      <![CDATA[<p>2020-04-30 04:13:07 : Before Clicking Terms</p>]]>
    </line>
    <line>
      <![CDATA[<img src='C:\SELENIUM\Workspace\AigOnboardingAssignment\screenshot\Before Clicking Terms_2020_04_30_04_13_07.png' height ='550' width='1080' >]]>
    </line>
    <line>
      <![CDATA[</br>]]>
    </line>
    <line>
      <![CDATA[<p>2020-04-30 04:13:11 : Current page title: Google Terms of Service – Privacy & Terms – Google</p>]]>
    </line>
    <line>
      <![CDATA[<br>]]>
    </line>
    <line>
      <![CDATA[<p>2020-04-30 04:13:12 : After Clicking Terms</p>]]>
    </line>
    <line>
      <![CDATA[<img src='C:\SELENIUM\Workspace\AigOnboardingAssignment\screenshot\After Clicking Terms_2020_04_30_04_13_12.png' height ='550' width='1080' >]]>
    </line>
    <line>
      <![CDATA[</br>]]>
    </line>
    <line>
      <![CDATA[<br>]]>
    </line>
    <line>
      <![CDATA[<p>2020-04-30 04:13:30 : Amazon Search</p>]]>
    </line>
    <line>
      <![CDATA[<img src='C:\SELENIUM\Workspace\AigOnboardingAssignment\screenshot\Amazon Search_2020_04_30_04_13_30.png' height ='550' width='1080' >]]>
    </line>
    <line>
      <![CDATA[</br>]]>
    </line>
    <line>
      <![CDATA[<br>]]>
    </line>
    <line>
      <![CDATA[<p>2020-04-30 04:14:03 : Amazon Search Result</p>]]>
    </line>
    <line>
      <![CDATA[<img src='C:\SELENIUM\Workspace\AigOnboardingAssignment\screenshot\Amazon Search Result_2020_04_30_04_14_03.png' height ='550' width='1080' >]]>
    </line>
    <line>
      <![CDATA[</br>]]>
    </line>
    <line>
      <![CDATA[<p>2020-04-30 04:14:32 : Captcha could not be selected by webdriver!</p>]]>
    </line>
    <line>
      <![CDATA[<br>]]>
    </line>
    <line>
      <![CDATA[<p>2020-04-30 04:14:33 : Select Captcha</p>]]>
    </line>
    <line>
      <![CDATA[<img src='C:\SELENIUM\Workspace\AigOnboardingAssignment\screenshot\Select Captcha_2020_04_30_04_14_33.png' height ='550' width='1080' >]]>
    </line>
    <line>
      <![CDATA[</br>]]>
    </line>
    <line>
      <![CDATA[<br>]]>
    </line>
    <line>
      <![CDATA[<p>2020-04-30 04:14:52 : Before Selecting Date</p>]]>
    </line>
    <line>
      <![CDATA[<img src='C:\SELENIUM\Workspace\AigOnboardingAssignment\screenshot\Before Selecting Date_2020_04_30_04_14_52.png' height ='550' width='1080' >]]>
    </line>
    <line>
      <![CDATA[</br>]]>
    </line>
    <line>
      <![CDATA[<br>]]>
    </line>
    <line>
      <![CDATA[<p>2020-04-30 04:14:59 : After Selecting date</p>]]>
    </line>
    <line>
      <![CDATA[<img src='C:\SELENIUM\Workspace\AigOnboardingAssignment\screenshot\After Selecting date_2020_04_30_04_14_57.png' height ='550' width='1080' >]]>
    </line>
    <line>
      <![CDATA[</br>]]>
    </line>
    <line>
      <![CDATA[<br>]]>
    </line>
    <line>
      <![CDATA[<p>2020-04-30 04:15:14 : ie</p>]]>
    </line>
    <line>
      <![CDATA[<img src='C:\SELENIUM\Workspace\AigOnboardingAssignment\screenshot\ie_2020_04_30_04_15_13.png' height ='550' width='1080' >]]>
    </line>
    <line>
      <![CDATA[</br>]]>
    </line>
    <line>
      <![CDATA[<br>]]>
    </line>
    <line>
      <![CDATA[<p>2020-04-30 04:15:28 : BeforeLogIN</p>]]>
    </line>
    <line>
      <![CDATA[<img src='C:\SELENIUM\Workspace\AigOnboardingAssignment\screenshot\BeforeLogIN_2020_04_30_04_15_28.png' height ='550' width='1080' >]]>
    </line>
    <line>
      <![CDATA[</br>]]>
    </line>
    <line>
      <![CDATA[<br>]]>
    </line>
    <line>
      <![CDATA[<p>2020-04-30 04:15:30 : AfterLogIN</p>]]>
    </line>
    <line>
      <![CDATA[<img src='C:\SELENIUM\Workspace\AigOnboardingAssignment\screenshot\AfterLogIN_2020_04_30_04_15_30.png' height ='550' width='1080' >]]>
    </line>
    <line>
      <![CDATA[</br>]]>
    </line>
    <line>
      <![CDATA[<p>2020-04-30 04:15:50 : Captcha could not be selected by webdriver!</p>]]>
    </line>
    <line>
      <![CDATA[<br>]]>
    </line>
    <line>
      <![CDATA[<p>2020-04-30 04:15:51 : Select Captcha</p>]]>
    </line>
    <line>
      <![CDATA[<img src='C:\SELENIUM\Workspace\AigOnboardingAssignment\screenshot\Select Captcha_2020_04_30_04_15_51.png' height ='550' width='1080' >]]>
    </line>
    <line>
      <![CDATA[</br>]]>
    </line>
    <line>
      <![CDATA[<br>]]>
    </line>
    <line>
      <![CDATA[<p>2020-04-30 04:16:13 : Before Selecting Date</p>]]>
    </line>
    <line>
      <![CDATA[<img src='C:\SELENIUM\Workspace\AigOnboardingAssignment\screenshot\Before Selecting Date_2020_04_30_04_16_13.png' height ='550' width='1080' >]]>
    </line>
    <line>
      <![CDATA[</br>]]>
    </line>
    <line>
      <![CDATA[<br>]]>
    </line>
    <line>
      <![CDATA[<p>2020-04-30 04:16:18 : After Selecting date</p>]]>
    </line>
    <line>
      <![CDATA[<img src='C:\SELENIUM\Workspace\AigOnboardingAssignment\screenshot\After Selecting date_2020_04_30_04_16_18.png' height ='550' width='1080' >]]>
    </line>
    <line>
      <![CDATA[</br>]]>
    </line>
  </reporter-output>
  <suite name="SmokeTest" duration-ms="78990" started-at="2020-04-30T10:45:00Z" finished-at="2020-04-30T10:46:19Z">
    <groups>
    </groups>
    <test name="Assignment 01 (IE)" duration-ms="14358" started-at="2020-04-30T10:45:00Z" finished-at="2020-04-30T10:45:14Z">
      <class name="com.cts.aig.selenium.test.testCase.Assignment01">
        <test-method status="PASS" signature="initialization()[pri:0, instance:com.cts.aig.selenium.test.testCase.Assignment01@ef9176]" name="initialization" is-config="true" duration-ms="1" started-at="2020-04-30T16:15:00Z" finished-at="2020-04-30T16:15:00Z">
          <reporter-output>
          </reporter-output>
        </test-method> <!-- initialization -->
        <test-method status="PASS" signature="browserInitialization(java.lang.String, java.lang.String)[pri:0, instance:com.cts.aig.selenium.test.testCase.Assignment01@ef9176]" name="browserInitialization" duration-ms="13719" started-at="2020-04-30T16:15:00Z" finished-at="2020-04-30T16:15:14Z">
          <params>
            <param index="0">
              <value>
                <![CDATA[https://www.google.com/]]>
              </value>
            </param>
            <param index="1">
              <value>
                <![CDATA[ie]]>
              </value>
            </param>
          </params>
          <reporter-output>
            <line>
              <![CDATA[<br>]]>
            </line>
            <line>
              <![CDATA[<p>2020-04-30 04:15:14 : ie</p>]]>
            </line>
            <line>
              <![CDATA[<img src='C:\SELENIUM\Workspace\AigOnboardingAssignment\screenshot\ie_2020_04_30_04_15_13.png' height ='550' width='1080' >]]>
            </line>
            <line>
              <![CDATA[</br>]]>
            </line>
          </reporter-output>
        </test-method> <!-- browserInitialization -->
        <test-method status="PASS" signature="tearDown()[pri:0, instance:com.cts.aig.selenium.test.testCase.Assignment01@ef9176]" name="tearDown" is-config="true" duration-ms="634" started-at="2020-04-30T16:15:14Z" finished-at="2020-04-30T16:15:14Z">
          <reporter-output>
          </reporter-output>
        </test-method> <!-- tearDown -->
      </class> <!-- com.cts.aig.selenium.test.testCase.Assignment01 -->
    </test> <!-- Assignment 01 (IE) -->
    <test name="Assignment 02" duration-ms="17076" started-at="2020-04-30T10:45:14Z" finished-at="2020-04-30T10:45:31Z">
      <class name="com.cts.aig.selenium.test.testCase.Assignment02">
        <test-method status="PASS" signature="initialization()[pri:0, instance:com.cts.aig.selenium.test.testCase.Assignment02@159c4b8]" name="initialization" is-config="true" duration-ms="0" started-at="2020-04-30T16:15:14Z" finished-at="2020-04-30T16:15:14Z">
          <reporter-output>
          </reporter-output>
        </test-method> <!-- initialization -->
        <test-method status="PASS" signature="invalidLogin(java.lang.String, java.lang.String)[pri:0, instance:com.cts.aig.selenium.test.testCase.Assignment02@159c4b8]" name="invalidLogin" duration-ms="16116" started-at="2020-04-30T16:15:14Z" finished-at="2020-04-30T16:15:30Z">
          <params>
            <param index="0">
              <value>
                <![CDATA[https://s1.demo.opensourcecms.com/wordpress/wp-login.php]]>
              </value>
            </param>
            <param index="1">
              <value>
                <![CDATA[chrome]]>
              </value>
            </param>
          </params>
          <reporter-output>
            <line>
              <![CDATA[<br>]]>
            </line>
            <line>
              <![CDATA[<p>2020-04-30 04:15:28 : BeforeLogIN</p>]]>
            </line>
            <line>
              <![CDATA[<img src='C:\SELENIUM\Workspace\AigOnboardingAssignment\screenshot\BeforeLogIN_2020_04_30_04_15_28.png' height ='550' width='1080' >]]>
            </line>
            <line>
              <![CDATA[</br>]]>
            </line>
            <line>
              <![CDATA[<br>]]>
            </line>
            <line>
              <![CDATA[<p>2020-04-30 04:15:30 : AfterLogIN</p>]]>
            </line>
            <line>
              <![CDATA[<img src='C:\SELENIUM\Workspace\AigOnboardingAssignment\screenshot\AfterLogIN_2020_04_30_04_15_30.png' height ='550' width='1080' >]]>
            </line>
            <line>
              <![CDATA[</br>]]>
            </line>
          </reporter-output>
        </test-method> <!-- invalidLogin -->
        <test-method status="PASS" signature="tearDown()[pri:0, instance:com.cts.aig.selenium.test.testCase.Assignment02@159c4b8]" name="tearDown" is-config="true" duration-ms="955" started-at="2020-04-30T16:15:30Z" finished-at="2020-04-30T16:15:31Z">
          <reporter-output>
          </reporter-output>
        </test-method> <!-- tearDown -->
      </class> <!-- com.cts.aig.selenium.test.testCase.Assignment02 -->
    </test> <!-- Assignment 02 -->
    <test name="Assignment 08" duration-ms="21343" started-at="2020-04-30T10:45:31Z" finished-at="2020-04-30T10:45:53Z">
      <class name="com.cts.aig.selenium.test.testCase.Assignment08">
        <test-method status="PASS" signature="initialization()[pri:0, instance:com.cts.aig.selenium.test.testCase.Assignment08@25a98f]" name="initialization" is-config="true" duration-ms="1" started-at="2020-04-30T16:15:31Z" finished-at="2020-04-30T16:15:31Z">
          <reporter-output>
          </reporter-output>
        </test-method> <!-- initialization -->
        <test-method status="PASS" signature="captchaHandle(java.lang.String, java.lang.String)[pri:0, instance:com.cts.aig.selenium.test.testCase.Assignment08@25a98f]" name="captchaHandle" duration-ms="19905" started-at="2020-04-30T16:15:31Z" finished-at="2020-04-30T16:15:51Z">
          <params>
            <param index="0">
              <value>
                <![CDATA[https://www.google.com/recaptcha/api2/demo]]>
              </value>
            </param>
            <param index="1">
              <value>
                <![CDATA[chrome]]>
              </value>
            </param>
          </params>
          <reporter-output>
            <line>
              <![CDATA[<p>2020-04-30 04:15:50 : Captcha could not be selected by webdriver!</p>]]>
            </line>
            <line>
              <![CDATA[<br>]]>
            </line>
            <line>
              <![CDATA[<p>2020-04-30 04:15:51 : Select Captcha</p>]]>
            </line>
            <line>
              <![CDATA[<img src='C:\SELENIUM\Workspace\AigOnboardingAssignment\screenshot\Select Captcha_2020_04_30_04_15_51.png' height ='550' width='1080' >]]>
            </line>
            <line>
              <![CDATA[</br>]]>
            </line>
          </reporter-output>
        </test-method> <!-- captchaHandle -->
        <test-method status="PASS" signature="tearDown()[pri:0, instance:com.cts.aig.selenium.test.testCase.Assignment08@25a98f]" name="tearDown" is-config="true" duration-ms="1432" started-at="2020-04-30T16:15:51Z" finished-at="2020-04-30T16:15:53Z">
          <reporter-output>
          </reporter-output>
        </test-method> <!-- tearDown -->
      </class> <!-- com.cts.aig.selenium.test.testCase.Assignment08 -->
    </test> <!-- Assignment 08 -->
    <test name="Assignment 09" duration-ms="26190" started-at="2020-04-30T10:45:53Z" finished-at="2020-04-30T10:46:19Z">
      <class name="com.cts.aig.selenium.test.testCase.Assignment09">
        <test-method status="PASS" signature="captchaHandle(java.lang.String, java.lang.String)[pri:0, instance:com.cts.aig.selenium.test.testCase.Assignment09@8080bb]" name="captchaHandle" duration-ms="25172" started-at="2020-04-30T16:15:53Z" finished-at="2020-04-30T16:16:18Z">
          <params>
            <param index="0">
              <value>
                <![CDATA[https://alloyui.com/examples/datepicker/]]>
              </value>
            </param>
            <param index="1">
              <value>
                <![CDATA[chrome]]>
              </value>
            </param>
          </params>
          <reporter-output>
            <line>
              <![CDATA[<br>]]>
            </line>
            <line>
              <![CDATA[<p>2020-04-30 04:16:13 : Before Selecting Date</p>]]>
            </line>
            <line>
              <![CDATA[<img src='C:\SELENIUM\Workspace\AigOnboardingAssignment\screenshot\Before Selecting Date_2020_04_30_04_16_13.png' height ='550' width='1080' >]]>
            </line>
            <line>
              <![CDATA[</br>]]>
            </line>
            <line>
              <![CDATA[<br>]]>
            </line>
            <line>
              <![CDATA[<p>2020-04-30 04:16:18 : After Selecting date</p>]]>
            </line>
            <line>
              <![CDATA[<img src='C:\SELENIUM\Workspace\AigOnboardingAssignment\screenshot\After Selecting date_2020_04_30_04_16_18.png' height ='550' width='1080' >]]>
            </line>
            <line>
              <![CDATA[</br>]]>
            </line>
          </reporter-output>
        </test-method> <!-- captchaHandle -->
        <test-method status="PASS" signature="initialization()[pri:0, instance:com.cts.aig.selenium.test.testCase.Assignment09@8080bb]" name="initialization" is-config="true" duration-ms="0" started-at="2020-04-30T16:15:53Z" finished-at="2020-04-30T16:15:53Z">
          <reporter-output>
          </reporter-output>
        </test-method> <!-- initialization -->
        <test-method status="PASS" signature="tearDown()[pri:0, instance:com.cts.aig.selenium.test.testCase.Assignment09@8080bb]" name="tearDown" is-config="true" duration-ms="1015" started-at="2020-04-30T16:16:18Z" finished-at="2020-04-30T16:16:19Z">
          <reporter-output>
          </reporter-output>
        </test-method> <!-- tearDown -->
      </class> <!-- com.cts.aig.selenium.test.testCase.Assignment09 -->
    </test> <!-- Assignment 09 -->
  </suite> <!-- SmokeTest -->
  <suite name="MasterTest" duration-ms="0" started-at="2020-04-30T10:46:19Z" finished-at="2020-04-30T10:46:19Z">
    <groups>
    </groups>
  </suite> <!-- MasterTest -->
  <suite name="RegressionTest" duration-ms="371804" started-at="2020-04-30T10:38:48Z" finished-at="2020-04-30T10:45:00Z">
    <groups>
    </groups>
    <test name="Assignment 01 (IE)" duration-ms="16719" started-at="2020-04-30T10:38:48Z" finished-at="2020-04-30T10:39:04Z">
      <class name="com.cts.aig.selenium.test.testCase.Assignment01">
        <test-method status="PASS" signature="initialization()[pri:0, instance:com.cts.aig.selenium.test.testCase.Assignment01@c285f4]" name="initialization" is-config="true" duration-ms="15" started-at="2020-04-30T16:08:48Z" finished-at="2020-04-30T16:08:48Z">
          <reporter-output>
          </reporter-output>
        </test-method> <!-- initialization -->
        <test-method status="PASS" signature="browserInitialization(java.lang.String, java.lang.String)[pri:0, instance:com.cts.aig.selenium.test.testCase.Assignment01@c285f4]" name="browserInitialization" duration-ms="16044" started-at="2020-04-30T16:08:48Z" finished-at="2020-04-30T16:09:04Z">
          <params>
            <param index="0">
              <value>
                <![CDATA[https://www.google.com/]]>
              </value>
            </param>
            <param index="1">
              <value>
                <![CDATA[ie]]>
              </value>
            </param>
          </params>
          <reporter-output>
            <line>
              <![CDATA[<br>]]>
            </line>
            <line>
              <![CDATA[<p>2020-04-30 04:09:04 : ie</p>]]>
            </line>
            <line>
              <![CDATA[<img src='C:\SELENIUM\Workspace\AigOnboardingAssignment\screenshot\ie_2020_04_30_04_09_04.png' height ='550' width='1080' >]]>
            </line>
            <line>
              <![CDATA[</br>]]>
            </line>
          </reporter-output>
        </test-method> <!-- browserInitialization -->
        <test-method status="PASS" signature="tearDown()[pri:0, instance:com.cts.aig.selenium.test.testCase.Assignment01@c285f4]" name="tearDown" is-config="true" duration-ms="640" started-at="2020-04-30T16:09:04Z" finished-at="2020-04-30T16:09:04Z">
          <reporter-output>
          </reporter-output>
        </test-method> <!-- tearDown -->
      </class> <!-- com.cts.aig.selenium.test.testCase.Assignment01 -->
    </test> <!-- Assignment 01 (IE) -->
    <test name="Assignment 01 (CHROME)" duration-ms="22014" started-at="2020-04-30T10:39:05Z" finished-at="2020-04-30T10:39:27Z">
      <class name="com.cts.aig.selenium.test.testCase.Assignment01">
        <test-method status="PASS" signature="initialization()[pri:0, instance:com.cts.aig.selenium.test.testCase.Assignment01@1efef64]" name="initialization" is-config="true" duration-ms="0" started-at="2020-04-30T16:09:05Z" finished-at="2020-04-30T16:09:05Z">
          <reporter-output>
          </reporter-output>
        </test-method> <!-- initialization -->
        <test-method status="PASS" signature="browserInitialization(java.lang.String, java.lang.String)[pri:0, instance:com.cts.aig.selenium.test.testCase.Assignment01@1efef64]" name="browserInitialization" duration-ms="20008" started-at="2020-04-30T16:09:05Z" finished-at="2020-04-30T16:09:25Z">
          <params>
            <param index="0">
              <value>
                <![CDATA[https://www.google.com/]]>
              </value>
            </param>
            <param index="1">
              <value>
                <![CDATA[chrome]]>
              </value>
            </param>
          </params>
          <reporter-output>
            <line>
              <![CDATA[<br>]]>
            </line>
            <line>
              <![CDATA[<p>2020-04-30 04:09:25 : chrome</p>]]>
            </line>
            <line>
              <![CDATA[<img src='C:\SELENIUM\Workspace\AigOnboardingAssignment\screenshot\chrome_2020_04_30_04_09_25.png' height ='550' width='1080' >]]>
            </line>
            <line>
              <![CDATA[</br>]]>
            </line>
          </reporter-output>
        </test-method> <!-- browserInitialization -->
        <test-method status="PASS" signature="tearDown()[pri:0, instance:com.cts.aig.selenium.test.testCase.Assignment01@1efef64]" name="tearDown" is-config="true" duration-ms="1999" started-at="2020-04-30T16:09:25Z" finished-at="2020-04-30T16:09:27Z">
          <reporter-output>
          </reporter-output>
        </test-method> <!-- tearDown -->
      </class> <!-- com.cts.aig.selenium.test.testCase.Assignment01 -->
    </test> <!-- Assignment 01 (CHROME) -->
    <test name="Assignment 01 (FIREFOX)" duration-ms="55978" started-at="2020-04-30T10:39:27Z" finished-at="2020-04-30T10:40:23Z">
      <class name="com.cts.aig.selenium.test.testCase.Assignment01">
        <test-method status="PASS" signature="initialization()[pri:0, instance:com.cts.aig.selenium.test.testCase.Assignment01@d80b78]" name="initialization" is-config="true" duration-ms="1" started-at="2020-04-30T16:09:27Z" finished-at="2020-04-30T16:09:27Z">
          <reporter-output>
          </reporter-output>
        </test-method> <!-- initialization -->
        <test-method status="PASS" signature="browserInitialization(java.lang.String, java.lang.String)[pri:0, instance:com.cts.aig.selenium.test.testCase.Assignment01@d80b78]" name="browserInitialization" duration-ms="39178" started-at="2020-04-30T16:09:27Z" finished-at="2020-04-30T16:10:06Z">
          <params>
            <param index="0">
              <value>
                <![CDATA[https://www.google.com/]]>
              </value>
            </param>
            <param index="1">
              <value>
                <![CDATA[firefox]]>
              </value>
            </param>
          </params>
          <reporter-output>
            <line>
              <![CDATA[<br>]]>
            </line>
            <line>
              <![CDATA[<p>2020-04-30 04:10:06 : firefox</p>]]>
            </line>
            <line>
              <![CDATA[<img src='C:\SELENIUM\Workspace\AigOnboardingAssignment\screenshot\firefox_2020_04_30_04_10_06.png' height ='550' width='1080' >]]>
            </line>
            <line>
              <![CDATA[</br>]]>
            </line>
          </reporter-output>
        </test-method> <!-- browserInitialization -->
        <test-method status="PASS" signature="tearDown()[pri:0, instance:com.cts.aig.selenium.test.testCase.Assignment01@d80b78]" name="tearDown" is-config="true" duration-ms="16793" started-at="2020-04-30T16:10:06Z" finished-at="2020-04-30T16:10:23Z">
          <reporter-output>
          </reporter-output>
        </test-method> <!-- tearDown -->
      </class> <!-- com.cts.aig.selenium.test.testCase.Assignment01 -->
    </test> <!-- Assignment 01 (FIREFOX) -->
    <test name="Assignment 02" duration-ms="23890" started-at="2020-04-30T10:40:23Z" finished-at="2020-04-30T10:40:47Z">
      <class name="com.cts.aig.selenium.test.testCase.Assignment02">
        <test-method status="PASS" signature="initialization()[pri:0, instance:com.cts.aig.selenium.test.testCase.Assignment02@5cb137]" name="initialization" is-config="true" duration-ms="0" started-at="2020-04-30T16:10:23Z" finished-at="2020-04-30T16:10:23Z">
          <reporter-output>
          </reporter-output>
        </test-method> <!-- initialization -->
        <test-method status="PASS" signature="invalidLogin(java.lang.String, java.lang.String)[pri:0, instance:com.cts.aig.selenium.test.testCase.Assignment02@5cb137]" name="invalidLogin" duration-ms="23066" started-at="2020-04-30T16:10:23Z" finished-at="2020-04-30T16:10:46Z">
          <params>
            <param index="0">
              <value>
                <![CDATA[https://s1.demo.opensourcecms.com/wordpress/wp-login.php]]>
              </value>
            </param>
            <param index="1">
              <value>
                <![CDATA[chrome]]>
              </value>
            </param>
          </params>
          <reporter-output>
            <line>
              <![CDATA[<br>]]>
            </line>
            <line>
              <![CDATA[<p>2020-04-30 04:10:42 : BeforeLogIN</p>]]>
            </line>
            <line>
              <![CDATA[<img src='C:\SELENIUM\Workspace\AigOnboardingAssignment\screenshot\BeforeLogIN_2020_04_30_04_10_42.png' height ='550' width='1080' >]]>
            </line>
            <line>
              <![CDATA[</br>]]>
            </line>
            <line>
              <![CDATA[<br>]]>
            </line>
            <line>
              <![CDATA[<p>2020-04-30 04:10:46 : AfterLogIN</p>]]>
            </line>
            <line>
              <![CDATA[<img src='C:\SELENIUM\Workspace\AigOnboardingAssignment\screenshot\AfterLogIN_2020_04_30_04_10_46.png' height ='550' width='1080' >]]>
            </line>
            <line>
              <![CDATA[</br>]]>
            </line>
          </reporter-output>
        </test-method> <!-- invalidLogin -->
        <test-method status="PASS" signature="tearDown()[pri:0, instance:com.cts.aig.selenium.test.testCase.Assignment02@5cb137]" name="tearDown" is-config="true" duration-ms="820" started-at="2020-04-30T16:10:46Z" finished-at="2020-04-30T16:10:47Z">
          <reporter-output>
          </reporter-output>
        </test-method> <!-- tearDown -->
      </class> <!-- com.cts.aig.selenium.test.testCase.Assignment02 -->
    </test> <!-- Assignment 02 -->
    <test name="Assignment 03" duration-ms="16075" started-at="2020-04-30T10:40:47Z" finished-at="2020-04-30T10:41:03Z">
      <class name="com.cts.aig.selenium.test.testCase.Assignment03">
        <test-method status="PASS" signature="userRegistration(java.lang.String, java.lang.String)[pri:0, instance:com.cts.aig.selenium.test.testCase.Assignment03@19c0f4a]" name="userRegistration" duration-ms="14812" started-at="2020-04-30T16:10:47Z" finished-at="2020-04-30T16:11:01Z">
          <params>
            <param index="0">
              <value>
                <![CDATA[http://newtours.demoaut.com/mercuryregister.php]]>
              </value>
            </param>
            <param index="1">
              <value>
                <![CDATA[chrome]]>
              </value>
            </param>
          </params>
          <reporter-output>
            <line>
              <![CDATA[<br>]]>
            </line>
            <line>
              <![CDATA[<p>2020-04-30 04:11:01 : User Registration</p>]]>
            </line>
            <line>
              <![CDATA[<img src='C:\SELENIUM\Workspace\AigOnboardingAssignment\screenshot\User Registration_2020_04_30_04_11_01.png' height ='550' width='1080' >]]>
            </line>
            <line>
              <![CDATA[</br>]]>
            </line>
          </reporter-output>
        </test-method> <!-- userRegistration -->
        <test-method status="PASS" signature="initialization()[pri:0, instance:com.cts.aig.selenium.test.testCase.Assignment03@19c0f4a]" name="initialization" is-config="true" duration-ms="0" started-at="2020-04-30T16:10:47Z" finished-at="2020-04-30T16:10:47Z">
          <reporter-output>
          </reporter-output>
        </test-method> <!-- initialization -->
        <test-method status="PASS" signature="tearDown()[pri:0, instance:com.cts.aig.selenium.test.testCase.Assignment03@19c0f4a]" name="tearDown" is-config="true" duration-ms="1258" started-at="2020-04-30T16:11:01Z" finished-at="2020-04-30T16:11:03Z">
          <reporter-output>
          </reporter-output>
        </test-method> <!-- tearDown -->
      </class> <!-- com.cts.aig.selenium.test.testCase.Assignment03 -->
    </test> <!-- Assignment 03 -->
    <test name="Assignment 04" duration-ms="89136" started-at="2020-04-30T10:41:03Z" finished-at="2020-04-30T10:42:32Z">
      <class name="com.cts.aig.selenium.test.testCase.Assignment04">
        <test-method status="PASS" signature="initialization()[pri:0, instance:com.cts.aig.selenium.test.testCase.Assignment04@4f30ec]" name="initialization" is-config="true" duration-ms="0" started-at="2020-04-30T16:11:03Z" finished-at="2020-04-30T16:11:03Z">
          <reporter-output>
          </reporter-output>
        </test-method> <!-- initialization -->
        <test-method status="PASS" signature="browserInitialization(java.lang.String, java.lang.String)[pri:0, instance:com.cts.aig.selenium.test.testCase.Assignment04@4f30ec]" name="browserInitialization" is-config="true" duration-ms="15067" started-at="2020-04-30T16:11:03Z" finished-at="2020-04-30T16:11:18Z">
          <params>
            <param index="0">
              <value>
                <![CDATA[https://www.seleniumeasy.com/test/basic-first-form-demo.html]]>
              </value>
            </param>
            <param index="1">
              <value>
                <![CDATA[chrome]]>
              </value>
            </param>
          </params>
          <reporter-output>
          </reporter-output>
        </test-method> <!-- browserInitialization -->
        <test-method status="PASS" signature="handleInputFieldDisplay()[pri:1, instance:com.cts.aig.selenium.test.testCase.Assignment04@4f30ec]" name="handleInputFieldDisplay" duration-ms="1299" started-at="2020-04-30T16:11:18Z" finished-at="2020-04-30T16:11:19Z">
          <reporter-output>
            <line>
              <![CDATA[<p>2020-04-30 04:11:18 : Executing priority = 1, @Test annotations method.</p>]]>
            </line>
            <line>
              <![CDATA[<br>]]>
            </line>
            <line>
              <![CDATA[<p>2020-04-30 04:11:19 : Show Message</p>]]>
            </line>
            <line>
              <![CDATA[<img src='C:\SELENIUM\Workspace\AigOnboardingAssignment\screenshot\Show Message_2020_04_30_04_11_19.png' height ='550' width='1080' >]]>
            </line>
            <line>
              <![CDATA[</br>]]>
            </line>
          </reporter-output>
        </test-method> <!-- handleInputFieldDisplay -->
        <test-method status="PASS" signature="tearDown()[pri:0, instance:com.cts.aig.selenium.test.testCase.Assignment04@4f30ec]" name="tearDown" is-config="true" duration-ms="878" started-at="2020-04-30T16:11:19Z" finished-at="2020-04-30T16:11:20Z">
          <reporter-output>
          </reporter-output>
        </test-method> <!-- tearDown -->
        <test-method status="PASS" signature="browserInitialization(java.lang.String, java.lang.String)[pri:0, instance:com.cts.aig.selenium.test.testCase.Assignment04@4f30ec]" name="browserInitialization" is-config="true" duration-ms="14733" started-at="2020-04-30T16:11:20Z" finished-at="2020-04-30T16:11:35Z">
          <params>
            <param index="0">
              <value>
                <![CDATA[https://www.seleniumeasy.com/test/basic-first-form-demo.html]]>
              </value>
            </param>
            <param index="1">
              <value>
                <![CDATA[chrome]]>
              </value>
            </param>
          </params>
          <reporter-output>
          </reporter-output>
        </test-method> <!-- browserInitialization -->
        <test-method status="PASS" signature="handleInputFieldSum(int, int)[pri:2, instance:com.cts.aig.selenium.test.testCase.Assignment04@4f30ec]" name="handleInputFieldSum" duration-ms="1422" started-at="2020-04-30T16:11:35Z" data-provider="dataGenerator" finished-at="2020-04-30T16:11:36Z">
          <params>
            <param index="0">
              <value>
                <![CDATA[11]]>
              </value>
            </param>
            <param index="1">
              <value>
                <![CDATA[21]]>
              </value>
            </param>
          </params>
          <reporter-output>
            <line>
              <![CDATA[<p>2020-04-30 04:11:35 : Executing priority = 2, @Test annotations method.</p>]]>
            </line>
            <line>
              <![CDATA[<p>2020-04-30 04:11:35 : Data: ValueA =11 ValueB =21</p>]]>
            </line>
            <line>
              <![CDATA[<br>]]>
            </line>
            <line>
              <![CDATA[<p>2020-04-30 04:11:36 : Sum Total</p>]]>
            </line>
            <line>
              <![CDATA[<img src='C:\SELENIUM\Workspace\AigOnboardingAssignment\screenshot\Sum Total_2020_04_30_04_11_36.png' height ='550' width='1080' >]]>
            </line>
            <line>
              <![CDATA[</br>]]>
            </line>
          </reporter-output>
        </test-method> <!-- handleInputFieldSum -->
        <test-method status="PASS" signature="tearDown()[pri:0, instance:com.cts.aig.selenium.test.testCase.Assignment04@4f30ec]" name="tearDown" is-config="true" duration-ms="885" started-at="2020-04-30T16:11:36Z" finished-at="2020-04-30T16:11:37Z">
          <reporter-output>
          </reporter-output>
        </test-method> <!-- tearDown -->
        <test-method status="PASS" signature="browserInitialization(java.lang.String, java.lang.String)[pri:0, instance:com.cts.aig.selenium.test.testCase.Assignment04@4f30ec]" name="browserInitialization" is-config="true" duration-ms="15532" started-at="2020-04-30T16:11:37Z" finished-at="2020-04-30T16:11:52Z">
          <params>
            <param index="0">
              <value>
                <![CDATA[https://www.seleniumeasy.com/test/basic-first-form-demo.html]]>
              </value>
            </param>
            <param index="1">
              <value>
                <![CDATA[chrome]]>
              </value>
            </param>
          </params>
          <reporter-output>
          </reporter-output>
        </test-method> <!-- browserInitialization -->
        <test-method status="PASS" signature="handleInputFieldSum(int, int)[pri:2, instance:com.cts.aig.selenium.test.testCase.Assignment04@4f30ec]" name="handleInputFieldSum" duration-ms="1491" started-at="2020-04-30T16:11:52Z" data-provider="dataGenerator" finished-at="2020-04-30T16:11:54Z">
          <params>
            <param index="0">
              <value>
                <![CDATA[321]]>
              </value>
            </param>
            <param index="1">
              <value>
                <![CDATA[987]]>
              </value>
            </param>
          </params>
          <reporter-output>
            <line>
              <![CDATA[<p>2020-04-30 04:11:52 : Executing priority = 2, @Test annotations method.</p>]]>
            </line>
            <line>
              <![CDATA[<p>2020-04-30 04:11:52 : Data: ValueA =321 ValueB =987</p>]]>
            </line>
            <line>
              <![CDATA[<br>]]>
            </line>
            <line>
              <![CDATA[<p>2020-04-30 04:11:54 : Sum Total</p>]]>
            </line>
            <line>
              <![CDATA[<img src='C:\SELENIUM\Workspace\AigOnboardingAssignment\screenshot\Sum Total_2020_04_30_04_11_54.png' height ='550' width='1080' >]]>
            </line>
            <line>
              <![CDATA[</br>]]>
            </line>
          </reporter-output>
        </test-method> <!-- handleInputFieldSum -->
        <test-method status="PASS" signature="tearDown()[pri:0, instance:com.cts.aig.selenium.test.testCase.Assignment04@4f30ec]" name="tearDown" is-config="true" duration-ms="973" started-at="2020-04-30T16:11:54Z" finished-at="2020-04-30T16:11:55Z">
          <reporter-output>
          </reporter-output>
        </test-method> <!-- tearDown -->
        <test-method status="PASS" signature="browserInitialization(java.lang.String, java.lang.String)[pri:0, instance:com.cts.aig.selenium.test.testCase.Assignment04@4f30ec]" name="browserInitialization" is-config="true" duration-ms="16431" started-at="2020-04-30T16:11:55Z" finished-at="2020-04-30T16:12:11Z">
          <params>
            <param index="0">
              <value>
                <![CDATA[https://www.seleniumeasy.com/test/basic-first-form-demo.html]]>
              </value>
            </param>
            <param index="1">
              <value>
                <![CDATA[chrome]]>
              </value>
            </param>
          </params>
          <reporter-output>
          </reporter-output>
        </test-method> <!-- browserInitialization -->
        <test-method status="PASS" signature="handleInputFieldSum(int, int)[pri:2, instance:com.cts.aig.selenium.test.testCase.Assignment04@4f30ec]" name="handleInputFieldSum" duration-ms="1335" started-at="2020-04-30T16:12:11Z" data-provider="dataGenerator" finished-at="2020-04-30T16:12:13Z">
          <params>
            <param index="0">
              <value>
                <![CDATA[7895]]>
              </value>
            </param>
            <param index="1">
              <value>
                <![CDATA[6524]]>
              </value>
            </param>
          </params>
          <reporter-output>
            <line>
              <![CDATA[<p>2020-04-30 04:12:11 : Executing priority = 2, @Test annotations method.</p>]]>
            </line>
            <line>
              <![CDATA[<p>2020-04-30 04:12:11 : Data: ValueA =7895 ValueB =6524</p>]]>
            </line>
            <line>
              <![CDATA[<br>]]>
            </line>
            <line>
              <![CDATA[<p>2020-04-30 04:12:13 : Sum Total</p>]]>
            </line>
            <line>
              <![CDATA[<img src='C:\SELENIUM\Workspace\AigOnboardingAssignment\screenshot\Sum Total_2020_04_30_04_12_13.png' height ='550' width='1080' >]]>
            </line>
            <line>
              <![CDATA[</br>]]>
            </line>
          </reporter-output>
        </test-method> <!-- handleInputFieldSum -->
        <test-method status="PASS" signature="tearDown()[pri:0, instance:com.cts.aig.selenium.test.testCase.Assignment04@4f30ec]" name="tearDown" is-config="true" duration-ms="1302" started-at="2020-04-30T16:12:13Z" finished-at="2020-04-30T16:12:14Z">
          <reporter-output>
          </reporter-output>
        </test-method> <!-- tearDown -->
        <test-method status="PASS" signature="browserInitialization(java.lang.String, java.lang.String)[pri:0, instance:com.cts.aig.selenium.test.testCase.Assignment04@4f30ec]" name="browserInitialization" is-config="true" duration-ms="15674" started-at="2020-04-30T16:12:14Z" finished-at="2020-04-30T16:12:30Z">
          <params>
            <param index="0">
              <value>
                <![CDATA[https://www.seleniumeasy.com/test/basic-first-form-demo.html]]>
              </value>
            </param>
            <param index="1">
              <value>
                <![CDATA[chrome]]>
              </value>
            </param>
          </params>
          <reporter-output>
          </reporter-output>
        </test-method> <!-- browserInitialization -->
        <test-method status="PASS" signature="handleInputFieldSum(int, int)[pri:2, instance:com.cts.aig.selenium.test.testCase.Assignment04@4f30ec]" name="handleInputFieldSum" duration-ms="1279" started-at="2020-04-30T16:12:30Z" data-provider="dataGenerator" finished-at="2020-04-30T16:12:31Z">
          <params>
            <param index="0">
              <value>
                <![CDATA[123545]]>
              </value>
            </param>
            <param index="1">
              <value>
                <![CDATA[654872]]>
              </value>
            </param>
          </params>
          <reporter-output>
            <line>
              <![CDATA[<p>2020-04-30 04:12:30 : Executing priority = 2, @Test annotations method.</p>]]>
            </line>
            <line>
              <![CDATA[<p>2020-04-30 04:12:30 : Data: ValueA =123545 ValueB =654872</p>]]>
            </line>
            <line>
              <![CDATA[<br>]]>
            </line>
            <line>
              <![CDATA[<p>2020-04-30 04:12:31 : Sum Total</p>]]>
            </line>
            <line>
              <![CDATA[<img src='C:\SELENIUM\Workspace\AigOnboardingAssignment\screenshot\Sum Total_2020_04_30_04_12_31.png' height ='550' width='1080' >]]>
            </line>
            <line>
              <![CDATA[</br>]]>
            </line>
          </reporter-output>
        </test-method> <!-- handleInputFieldSum -->
        <test-method status="PASS" signature="tearDown()[pri:0, instance:com.cts.aig.selenium.test.testCase.Assignment04@4f30ec]" name="tearDown" is-config="true" duration-ms="800" started-at="2020-04-30T16:12:31Z" finished-at="2020-04-30T16:12:32Z">
          <reporter-output>
          </reporter-output>
        </test-method> <!-- tearDown -->
      </class> <!-- com.cts.aig.selenium.test.testCase.Assignment04 -->
    </test> <!-- Assignment 04 -->
    <test name="Assignment 05" duration-ms="17886" started-at="2020-04-30T10:42:32Z" finished-at="2020-04-30T10:42:50Z">
      <class name="com.cts.aig.selenium.test.testCase.Assignment05">
        <test-method status="PASS" signature="initialization()[pri:0, instance:com.cts.aig.selenium.test.testCase.Assignment05@1deb50e]" name="initialization" is-config="true" duration-ms="0" started-at="2020-04-30T16:12:32Z" finished-at="2020-04-30T16:12:32Z">
          <reporter-output>
          </reporter-output>
        </test-method> <!-- initialization -->
        <test-method status="PASS" signature="handleInputField(java.lang.String, java.lang.String)[pri:0, instance:com.cts.aig.selenium.test.testCase.Assignment05@1deb50e]" name="handleInputField" duration-ms="16994" started-at="2020-04-30T16:12:32Z" finished-at="2020-04-30T16:12:49Z">
          <params>
            <param index="0">
              <value>
                <![CDATA[https://s1.demo.opensourcecms.com/wordpress/]]>
              </value>
            </param>
            <param index="1">
              <value>
                <![CDATA[chrome]]>
              </value>
            </param>
          </params>
          <reporter-output>
            <line>
              <![CDATA[<br>]]>
            </line>
            <line>
              <![CDATA[<p>2020-04-30 04:12:49 : Total Links available-15</p>]]>
            </line>
            <line>
              <![CDATA[<img src='C:\SELENIUM\Workspace\AigOnboardingAssignment\screenshot\Total Links available-15_2020_04_30_04_12_49.png' height ='550' width='1080' >]]>
            </line>
            <line>
              <![CDATA[</br>]]>
            </line>
            <line>
              <![CDATA[<p>2020-04-30 04:12:49 : Total Number of Link available in this page= 15. Page Url: https://s1.demo.opensourcecms.com/wordpress/</p>]]>
            </line>
          </reporter-output>
        </test-method> <!-- handleInputField -->
        <test-method status="PASS" signature="tearDown()[pri:0, instance:com.cts.aig.selenium.test.testCase.Assignment05@1deb50e]" name="tearDown" is-config="true" duration-ms="886" started-at="2020-04-30T16:12:49Z" finished-at="2020-04-30T16:12:50Z">
          <reporter-output>
          </reporter-output>
        </test-method> <!-- tearDown -->
      </class> <!-- com.cts.aig.selenium.test.testCase.Assignment05 -->
    </test> <!-- Assignment 05 -->
    <test name="Assignment 06" duration-ms="22867" started-at="2020-04-30T10:42:50Z" finished-at="2020-04-30T10:43:13Z">
      <class name="com.cts.aig.selenium.test.testCase.Assignment06">
        <test-method status="PASS" signature="initialization()[pri:0, instance:com.cts.aig.selenium.test.testCase.Assignment06@1341870]" name="initialization" is-config="true" duration-ms="0" started-at="2020-04-30T16:12:50Z" finished-at="2020-04-30T16:12:50Z">
          <reporter-output>
          </reporter-output>
        </test-method> <!-- initialization -->
        <test-method status="PASS" signature="handleInputField(java.lang.String, java.lang.String)[pri:0, instance:com.cts.aig.selenium.test.testCase.Assignment06@1341870]" name="handleInputField" duration-ms="21895" started-at="2020-04-30T16:12:50Z" finished-at="2020-04-30T16:13:12Z">
          <params>
            <param index="0">
              <value>
                <![CDATA[https://accounts.google.com/signup]]>
              </value>
            </param>
            <param index="1">
              <value>
                <![CDATA[chrome]]>
              </value>
            </param>
          </params>
          <reporter-output>
            <line>
              <![CDATA[<p>2020-04-30 04:13:06 : Current page title: Create your Google Account</p>]]>
            </line>
            <line>
              <![CDATA[<br>]]>
            </line>
            <line>
              <![CDATA[<p>2020-04-30 04:13:07 : Before Clicking Terms</p>]]>
            </line>
            <line>
              <![CDATA[<img src='C:\SELENIUM\Workspace\AigOnboardingAssignment\screenshot\Before Clicking Terms_2020_04_30_04_13_07.png' height ='550' width='1080' >]]>
            </line>
            <line>
              <![CDATA[</br>]]>
            </line>
            <line>
              <![CDATA[<p>2020-04-30 04:13:11 : Current page title: Google Terms of Service – Privacy & Terms – Google</p>]]>
            </line>
            <line>
              <![CDATA[<br>]]>
            </line>
            <line>
              <![CDATA[<p>2020-04-30 04:13:12 : After Clicking Terms</p>]]>
            </line>
            <line>
              <![CDATA[<img src='C:\SELENIUM\Workspace\AigOnboardingAssignment\screenshot\After Clicking Terms_2020_04_30_04_13_12.png' height ='550' width='1080' >]]>
            </line>
            <line>
              <![CDATA[</br>]]>
            </line>
          </reporter-output>
        </test-method> <!-- handleInputField -->
        <test-method status="PASS" signature="tearDown()[pri:0, instance:com.cts.aig.selenium.test.testCase.Assignment06@1341870]" name="tearDown" is-config="true" duration-ms="966" started-at="2020-04-30T16:13:12Z" finished-at="2020-04-30T16:13:13Z">
          <reporter-output>
          </reporter-output>
        </test-method> <!-- tearDown -->
      </class> <!-- com.cts.aig.selenium.test.testCase.Assignment06 -->
    </test> <!-- Assignment 06 -->
    <test name="Assignment 07" duration-ms="51938" started-at="2020-04-30T10:43:13Z" finished-at="2020-04-30T10:44:05Z">
      <class name="com.cts.aig.selenium.test.testCase.Assignment07">
        <test-method status="PASS" signature="initialization()[pri:0, instance:com.cts.aig.selenium.test.testCase.Assignment07@f777e8]" name="initialization" is-config="true" duration-ms="1" started-at="2020-04-30T16:13:13Z" finished-at="2020-04-30T16:13:13Z">
          <reporter-output>
          </reporter-output>
        </test-method> <!-- initialization -->
        <test-method status="PASS" signature="handleInputField(java.lang.String, java.lang.String)[pri:0, instance:com.cts.aig.selenium.test.testCase.Assignment07@f777e8]" name="handleInputField" duration-ms="50481" started-at="2020-04-30T16:13:13Z" finished-at="2020-04-30T16:14:03Z">
          <params>
            <param index="0">
              <value>
                <![CDATA[https://www.amazon.com/]]>
              </value>
            </param>
            <param index="1">
              <value>
                <![CDATA[chrome]]>
              </value>
            </param>
          </params>
          <reporter-output>
            <line>
              <![CDATA[<br>]]>
            </line>
            <line>
              <![CDATA[<p>2020-04-30 04:13:30 : Amazon Search</p>]]>
            </line>
            <line>
              <![CDATA[<img src='C:\SELENIUM\Workspace\AigOnboardingAssignment\screenshot\Amazon Search_2020_04_30_04_13_30.png' height ='550' width='1080' >]]>
            </line>
            <line>
              <![CDATA[</br>]]>
            </line>
            <line>
              <![CDATA[<br>]]>
            </line>
            <line>
              <![CDATA[<p>2020-04-30 04:14:03 : Amazon Search Result</p>]]>
            </line>
            <line>
              <![CDATA[<img src='C:\SELENIUM\Workspace\AigOnboardingAssignment\screenshot\Amazon Search Result_2020_04_30_04_14_03.png' height ='550' width='1080' >]]>
            </line>
            <line>
              <![CDATA[</br>]]>
            </line>
          </reporter-output>
        </test-method> <!-- handleInputField -->
        <test-method status="PASS" signature="tearDown()[pri:0, instance:com.cts.aig.selenium.test.testCase.Assignment07@f777e8]" name="tearDown" is-config="true" duration-ms="1452" started-at="2020-04-30T16:14:03Z" finished-at="2020-04-30T16:14:05Z">
          <reporter-output>
          </reporter-output>
        </test-method> <!-- tearDown -->
      </class> <!-- com.cts.aig.selenium.test.testCase.Assignment07 -->
    </test> <!-- Assignment 07 -->
    <test name="Assignment 08" duration-ms="29079" started-at="2020-04-30T10:44:05Z" finished-at="2020-04-30T10:44:34Z">
      <class name="com.cts.aig.selenium.test.testCase.Assignment08">
        <test-method status="PASS" signature="initialization()[pri:0, instance:com.cts.aig.selenium.test.testCase.Assignment08@45f292]" name="initialization" is-config="true" duration-ms="0" started-at="2020-04-30T16:14:05Z" finished-at="2020-04-30T16:14:05Z">
          <reporter-output>
          </reporter-output>
        </test-method> <!-- initialization -->
        <test-method status="PASS" signature="captchaHandle(java.lang.String, java.lang.String)[pri:0, instance:com.cts.aig.selenium.test.testCase.Assignment08@45f292]" name="captchaHandle" duration-ms="28050" started-at="2020-04-30T16:14:05Z" finished-at="2020-04-30T16:14:33Z">
          <params>
            <param index="0">
              <value>
                <![CDATA[https://www.google.com/recaptcha/api2/demo]]>
              </value>
            </param>
            <param index="1">
              <value>
                <![CDATA[chrome]]>
              </value>
            </param>
          </params>
          <reporter-output>
            <line>
              <![CDATA[<p>2020-04-30 04:14:32 : Captcha could not be selected by webdriver!</p>]]>
            </line>
            <line>
              <![CDATA[<br>]]>
            </line>
            <line>
              <![CDATA[<p>2020-04-30 04:14:33 : Select Captcha</p>]]>
            </line>
            <line>
              <![CDATA[<img src='C:\SELENIUM\Workspace\AigOnboardingAssignment\screenshot\Select Captcha_2020_04_30_04_14_33.png' height ='550' width='1080' >]]>
            </line>
            <line>
              <![CDATA[</br>]]>
            </line>
          </reporter-output>
        </test-method> <!-- captchaHandle -->
        <test-method status="PASS" signature="tearDown()[pri:0, instance:com.cts.aig.selenium.test.testCase.Assignment08@45f292]" name="tearDown" is-config="true" duration-ms="1021" started-at="2020-04-30T16:14:33Z" finished-at="2020-04-30T16:14:34Z">
          <reporter-output>
          </reporter-output>
        </test-method> <!-- tearDown -->
      </class> <!-- com.cts.aig.selenium.test.testCase.Assignment08 -->
    </test> <!-- Assignment 08 -->
    <test name="Assignment 09" duration-ms="25962" started-at="2020-04-30T10:44:34Z" finished-at="2020-04-30T10:45:00Z">
      <class name="com.cts.aig.selenium.test.testCase.Assignment09">
        <test-method status="PASS" signature="initialization()[pri:0, instance:com.cts.aig.selenium.test.testCase.Assignment09@d818d1]" name="initialization" is-config="true" duration-ms="0" started-at="2020-04-30T16:14:34Z" finished-at="2020-04-30T16:14:34Z">
          <reporter-output>
          </reporter-output>
        </test-method> <!-- initialization -->
        <test-method status="PASS" signature="captchaHandle(java.lang.String, java.lang.String)[pri:0, instance:com.cts.aig.selenium.test.testCase.Assignment09@d818d1]" name="captchaHandle" duration-ms="25006" started-at="2020-04-30T16:14:34Z" finished-at="2020-04-30T16:14:59Z">
          <params>
            <param index="0">
              <value>
                <![CDATA[https://alloyui.com/examples/datepicker/]]>
              </value>
            </param>
            <param index="1">
              <value>
                <![CDATA[chrome]]>
              </value>
            </param>
          </params>
          <reporter-output>
            <line>
              <![CDATA[<br>]]>
            </line>
            <line>
              <![CDATA[<p>2020-04-30 04:14:52 : Before Selecting Date</p>]]>
            </line>
            <line>
              <![CDATA[<img src='C:\SELENIUM\Workspace\AigOnboardingAssignment\screenshot\Before Selecting Date_2020_04_30_04_14_52.png' height ='550' width='1080' >]]>
            </line>
            <line>
              <![CDATA[</br>]]>
            </line>
            <line>
              <![CDATA[<br>]]>
            </line>
            <line>
              <![CDATA[<p>2020-04-30 04:14:59 : After Selecting date</p>]]>
            </line>
            <line>
              <![CDATA[<img src='C:\SELENIUM\Workspace\AigOnboardingAssignment\screenshot\After Selecting date_2020_04_30_04_14_57.png' height ='550' width='1080' >]]>
            </line>
            <line>
              <![CDATA[</br>]]>
            </line>
          </reporter-output>
        </test-method> <!-- captchaHandle -->
        <test-method status="PASS" signature="tearDown()[pri:0, instance:com.cts.aig.selenium.test.testCase.Assignment09@d818d1]" name="tearDown" is-config="true" duration-ms="948" started-at="2020-04-30T16:14:59Z" finished-at="2020-04-30T16:15:00Z">
          <reporter-output>
          </reporter-output>
        </test-method> <!-- tearDown -->
      </class> <!-- com.cts.aig.selenium.test.testCase.Assignment09 -->
    </test> <!-- Assignment 09 -->
  </suite> <!-- RegressionTest -->
</testng-results>
