<?xml version="1.0" encoding="UTF-8"?>
<!-- Generated by org.testng.reporters.JUnitXMLReporter -->
<testsuite hostname="Professor-4792" ignored="0" name="Free CRM App Test Cases" tests="8" failures="0" timestamp="02 May 2020 16:34:43 GMT" time="178.147" errors="0">
  <testcase name="homePageTitleTest" time="0.021" classname="com.crm.testcases.HomePageTest"/>
  <testcase name="verifyContactsPageLabel" time="0.046" classname="com.crm.testcases.ContactsPageTest"/>
  <testcase name="CRMlogoImageTest" time="0.105" classname="com.crm.testcases.LoginPageTest"/>
  <testcase name="verifyUserNameLabelTest" time="0.088" classname="com.crm.testcases.HomePageTest"/>
  <testcase name="selectSingleContactsTest" time="0.098" classname="com.crm.testcases.ContactsPageTest"/>
  <testcase name="loginTest" time="10.878" classname="com.crm.testcases.LoginPageTest"/>
  <testcase name="verifyContactsLinkTest" time="1.701" classname="com.crm.testcases.HomePageTest"/>
  <testcase name="selectMultipleContactsTest" time="0.325" classname="com.crm.testcases.ContactsPageTest"/>
</testsuite> <!-- Free CRM App Test Cases -->
