<?xml version="1.0" encoding="UTF-8"?>
<!-- Generated by org.testng.reporters.JUnitXMLReporter -->
<testsuite ignored="0" hostname="DESKTOP-GH57NSN" failures="0" tests="4" name="Default test" time="56.124" errors="0" timestamp="10 Jul 2019 22:37:41 GMT">
  <testcase classname="walletHub.Assignment2" name="walletHubLogin" time="8.023"/>
  <testcase classname="walletHub.Assignment2" name="hoverAndClick5Star" time="11.699"/>
  <testcase classname="walletHub.Assignment2" name="selectReviewSubmit" time="18.364"/>
  <testcase classname="walletHub.Assignment2" name="goToProfileAndConfirm" time="4.576"/>
</testsuite> <!-- Default test -->
