<?xml version="1.0" encoding="UTF-8"?>
<testng-results skipped="0" failed="0" ignored="0" total="8" passed="8">
  <reporter-output>
  </reporter-output>
  <suite name="Free CRM Application automation Test Suite" duration-ms="178147" started-at="2020-05-02T16:31:45Z" finished-at="2020-05-02T16:34:43Z">
    <groups>
    </groups>
    <test name="Free CRM App Test Cases" duration-ms="178147" started-at="2020-05-02T16:31:45Z" finished-at="2020-05-02T16:34:43Z">
      <class name="com.crm.testcases.HomePageTest">
        <test-method status="PASS" signature="setUp()[pri:0, instance:com.crm.testcases.HomePageTest@42d80b78]" name="setUp" is-config="true" duration-ms="22441" started-at="2020-05-02T16:31:45Z" finished-at="2020-05-02T16:32:07Z">
          <reporter-output>
          </reporter-output>
        </test-method> <!-- setUp -->
        <test-method status="PASS" signature="homePageTitleTest()[pri:1, instance:com.crm.testcases.HomePageTest@42d80b78]" name="homePageTitleTest" duration-ms="21" started-at="2020-05-02T16:32:07Z" finished-at="2020-05-02T16:32:07Z">
          <reporter-output>
          </reporter-output>
        </test-method> <!-- homePageTitleTest -->
        <test-method status="PASS" signature="tearDown()[pri:0, instance:com.crm.testcases.HomePageTest@42d80b78]" name="tearDown" is-config="true" duration-ms="1128" started-at="2020-05-02T16:32:07Z" finished-at="2020-05-02T16:32:09Z">
          <reporter-output>
          </reporter-output>
        </test-method> <!-- tearDown -->
        <test-method status="PASS" signature="setUp()[pri:0, instance:com.crm.testcases.HomePageTest@42d80b78]" name="setUp" is-config="true" duration-ms="19328" started-at="2020-05-02T16:32:42Z" finished-at="2020-05-02T16:33:02Z">
          <reporter-output>
          </reporter-output>
        </test-method> <!-- setUp -->
        <test-method status="PASS" signature="verifyUserNameLabelTest()[pri:2, instance:com.crm.testcases.HomePageTest@42d80b78]" name="verifyUserNameLabelTest" duration-ms="88" started-at="2020-05-02T16:33:02Z" finished-at="2020-05-02T16:33:02Z">
          <reporter-output>
          </reporter-output>
        </test-method> <!-- verifyUserNameLabelTest -->
        <test-method status="PASS" signature="tearDown()[pri:0, instance:com.crm.testcases.HomePageTest@42d80b78]" name="tearDown" is-config="true" duration-ms="1118" started-at="2020-05-02T16:33:02Z" finished-at="2020-05-02T16:33:03Z">
          <reporter-output>
          </reporter-output>
        </test-method> <!-- tearDown -->
        <test-method status="PASS" signature="setUp()[pri:0, instance:com.crm.testcases.HomePageTest@42d80b78]" name="setUp" is-config="true" duration-ms="20405" started-at="2020-05-02T16:33:54Z" finished-at="2020-05-02T16:34:14Z">
          <reporter-output>
          </reporter-output>
        </test-method> <!-- setUp -->
        <test-method status="PASS" signature="verifyContactsLinkTest()[pri:3, instance:com.crm.testcases.HomePageTest@42d80b78]" name="verifyContactsLinkTest" duration-ms="1701" started-at="2020-05-02T16:34:14Z" finished-at="2020-05-02T16:34:16Z">
          <reporter-output>
          </reporter-output>
        </test-method> <!-- verifyContactsLinkTest -->
        <test-method status="PASS" signature="tearDown()[pri:0, instance:com.crm.testcases.HomePageTest@42d80b78]" name="tearDown" is-config="true" duration-ms="1134" started-at="2020-05-02T16:34:16Z" finished-at="2020-05-02T16:34:17Z">
          <reporter-output>
          </reporter-output>
        </test-method> <!-- tearDown -->
      </class> <!-- com.crm.testcases.HomePageTest -->
      <class name="com.crm.testcases.ContactsPageTest">
        <test-method status="PASS" signature="setUp()[pri:0, instance:com.crm.testcases.ContactsPageTest@3bfdc050]" name="setUp" is-config="true" duration-ms="20982" started-at="2020-05-02T16:32:09Z" finished-at="2020-05-02T16:32:30Z">
          <reporter-output>
          </reporter-output>
        </test-method> <!-- setUp -->
        <test-method status="PASS" signature="verifyContactsPageLabel()[pri:1, instance:com.crm.testcases.ContactsPageTest@3bfdc050]" name="verifyContactsPageLabel" duration-ms="46" started-at="2020-05-02T16:32:30Z" finished-at="2020-05-02T16:32:30Z">
          <reporter-output>
          </reporter-output>
        </test-method> <!-- verifyContactsPageLabel -->
        <test-method status="PASS" signature="tearDown()[pri:0, instance:com.crm.testcases.ContactsPageTest@3bfdc050]" name="tearDown" is-config="true" duration-ms="1164" started-at="2020-05-02T16:32:30Z" finished-at="2020-05-02T16:32:31Z">
          <reporter-output>
          </reporter-output>
        </test-method> <!-- tearDown -->
        <test-method status="PASS" signature="setUp()[pri:0, instance:com.crm.testcases.ContactsPageTest@3bfdc050]" name="setUp" is-config="true" duration-ms="25313" started-at="2020-05-02T16:33:03Z" finished-at="2020-05-02T16:33:28Z">
          <reporter-output>
          </reporter-output>
        </test-method> <!-- setUp -->
        <test-method status="PASS" signature="selectSingleContactsTest()[pri:2, instance:com.crm.testcases.ContactsPageTest@3bfdc050]" name="selectSingleContactsTest" duration-ms="98" started-at="2020-05-02T16:33:28Z" finished-at="2020-05-02T16:33:28Z">
          <reporter-output>
          </reporter-output>
        </test-method> <!-- selectSingleContactsTest -->
        <test-method status="PASS" signature="tearDown()[pri:0, instance:com.crm.testcases.ContactsPageTest@3bfdc050]" name="tearDown" is-config="true" duration-ms="1161" started-at="2020-05-02T16:33:28Z" finished-at="2020-05-02T16:33:29Z">
          <reporter-output>
          </reporter-output>
        </test-method> <!-- tearDown -->
        <test-method status="PASS" signature="setUp()[pri:0, instance:com.crm.testcases.ContactsPageTest@3bfdc050]" name="setUp" is-config="true" duration-ms="24757" started-at="2020-05-02T16:34:17Z" finished-at="2020-05-02T16:34:42Z">
          <reporter-output>
          </reporter-output>
        </test-method> <!-- setUp -->
        <test-method status="PASS" signature="selectMultipleContactsTest()[pri:3, instance:com.crm.testcases.ContactsPageTest@3bfdc050]" name="selectMultipleContactsTest" duration-ms="325" started-at="2020-05-02T16:34:42Z" finished-at="2020-05-02T16:34:42Z">
          <reporter-output>
          </reporter-output>
        </test-method> <!-- selectMultipleContactsTest -->
        <test-method status="PASS" signature="tearDown()[pri:0, instance:com.crm.testcases.ContactsPageTest@3bfdc050]" name="tearDown" is-config="true" duration-ms="1143" started-at="2020-05-02T16:34:42Z" finished-at="2020-05-02T16:34:43Z">
          <reporter-output>
          </reporter-output>
        </test-method> <!-- tearDown -->
      </class> <!-- com.crm.testcases.ContactsPageTest -->
      <class name="com.crm.testcases.LoginPageTest">
        <test-method status="PASS" signature="setUp()[pri:0, instance:com.crm.testcases.LoginPageTest@1e88b3c]" name="setUp" is-config="true" duration-ms="10249" started-at="2020-05-02T16:32:31Z" finished-at="2020-05-02T16:32:41Z">
          <reporter-output>
          </reporter-output>
        </test-method> <!-- setUp -->
        <test-method status="PASS" signature="CRMlogoImageTest()[pri:2, instance:com.crm.testcases.LoginPageTest@1e88b3c]" name="CRMlogoImageTest" duration-ms="105" started-at="2020-05-02T16:32:41Z" finished-at="2020-05-02T16:32:41Z">
          <reporter-output>
          </reporter-output>
        </test-method> <!-- CRMlogoImageTest -->
        <test-method status="PASS" signature="tearDown()[pri:0, instance:com.crm.testcases.LoginPageTest@1e88b3c]" name="tearDown" is-config="true" duration-ms="1195" started-at="2020-05-02T16:32:41Z" finished-at="2020-05-02T16:32:42Z">
          <reporter-output>
          </reporter-output>
        </test-method> <!-- tearDown -->
        <test-method status="PASS" signature="setUp()[pri:0, instance:com.crm.testcases.LoginPageTest@1e88b3c]" name="setUp" is-config="true" duration-ms="12166" started-at="2020-05-02T16:33:29Z" finished-at="2020-05-02T16:33:42Z">
          <reporter-output>
          </reporter-output>
        </test-method> <!-- setUp -->
        <test-method status="PASS" signature="loginTest()[pri:3, instance:com.crm.testcases.LoginPageTest@1e88b3c]" name="loginTest" duration-ms="10878" started-at="2020-05-02T16:33:42Z" finished-at="2020-05-02T16:33:52Z">
          <reporter-output>
          </reporter-output>
        </test-method> <!-- loginTest -->
        <test-method status="PASS" signature="tearDown()[pri:0, instance:com.crm.testcases.LoginPageTest@1e88b3c]" name="tearDown" is-config="true" duration-ms="1145" started-at="2020-05-02T16:33:52Z" finished-at="2020-05-02T16:33:54Z">
          <reporter-output>
          </reporter-output>
        </test-method> <!-- tearDown -->
      </class> <!-- com.crm.testcases.LoginPageTest -->
    </test> <!-- Free CRM App Test Cases -->
  </suite> <!-- Free CRM Application automation Test Suite -->
</testng-results>
