<?xml version="1.0" encoding="UTF-8"?>
<!-- Generated by org.testng.reporters.JUnitXMLReporter -->
<testsuite hostname="LAPTOP-R6HR3B0J" name="Assignment 04" tests="5" failures="0" timestamp="30 Apr 2020 10:42:32 GMT" time="89.136" errors="0">
  <testcase name="handleInputFieldDisplay" time="1.299" classname="com.cts.aig.selenium.test.testCase.Assignment04"/>
  <testcase name="handleInputFieldSum" time="1.422" classname="com.cts.aig.selenium.test.testCase.Assignment04"/>
  <testcase name="handleInputFieldSum" time="1.491" classname="com.cts.aig.selenium.test.testCase.Assignment04"/>
  <testcase name="handleInputFieldSum" time="1.335" classname="com.cts.aig.selenium.test.testCase.Assignment04"/>
  <testcase name="handleInputFieldSum" time="1.279" classname="com.cts.aig.selenium.test.testCase.Assignment04"/>
</testsuite> <!-- Assignment 04 -->
