<?xml version="1.0" encoding="UTF-8"?>
<!-- Generated by org.testng.reporters.JUnitXMLReporter -->
<testsuite hostname="LAPTOP-R6HR3B0J" name="Assignment 04" tests="5" failures="0" timestamp="30 Apr 2020 10:21:07 GMT" time="90.435" errors="0">
  <testcase name="handleInputFieldDisplay" time="1.293" classname="com.cts.aig.selenium.test.testCase.Assignment04"/>
  <testcase name="handleInputFieldSum" time="1.197" classname="com.cts.aig.selenium.test.testCase.Assignment04"/>
  <testcase name="handleInputFieldSum" time="1.377" classname="com.cts.aig.selenium.test.testCase.Assignment04"/>
  <testcase name="handleInputFieldSum" time="1.297" classname="com.cts.aig.selenium.test.testCase.Assignment04"/>
  <testcase name="handleInputFieldSum" time="1.264" classname="com.cts.aig.selenium.test.testCase.Assignment04"/>
</testsuite> <!-- Assignment 04 -->
