<?xml version="1.0" encoding="UTF-8"?>
<testng-results ignored="0" total="2" passed="2" failed="0" skipped="0">
  <reporter-output>
  </reporter-output>
  <suite started-at="2019-08-06T20:00:44Z" name="Default suite" finished-at="2019-08-06T20:01:44Z" duration-ms="59660">
    <groups>
    </groups>
    <test started-at="2019-08-06T20:00:44Z" name="Default test" finished-at="2019-08-06T20:01:44Z" duration-ms="59660">
      <class name="uploadPic.RSVPautomation">
        <test-method is-config="true" signature="setUpBrowser()[pri:0, instance:uploadPic.RSVPautomation@1b13467c]" started-at="2019-08-06T20:00:45Z" name="setUpBrowser" finished-at="2019-08-06T20:00:55Z" duration-ms="10877" status="PASS">
          <reporter-output>
          </reporter-output>
        </test-method> <!-- setUpBrowser -->
        <test-method signature="openURL()[pri:1, instance:uploadPic.RSVPautomation@1b13467c]" started-at="2019-08-06T20:00:55Z" name="openURL" finished-at="2019-08-06T20:01:13Z" duration-ms="17580" status="PASS">
          <reporter-output>
          </reporter-output>
        </test-method> <!-- openURL -->
        <test-method signature="profileImageFunctionality()[pri:2, instance:uploadPic.RSVPautomation@1b13467c]" started-at="2019-08-06T20:01:13Z" name="profileImageFunctionality" finished-at="2019-08-06T20:01:44Z" duration-ms="31093" status="PASS">
          <reporter-output>
          </reporter-output>
        </test-method> <!-- profileImageFunctionality -->
        <test-method is-config="true" signature="terminateTest()[pri:0, instance:uploadPic.RSVPautomation@1b13467c]" started-at="2019-08-06T20:01:44Z" name="terminateTest" finished-at="2019-08-06T20:01:44Z" duration-ms="0" status="PASS">
          <reporter-output>
          </reporter-output>
        </test-method> <!-- terminateTest -->
      </class> <!-- uploadPic.RSVPautomation -->
    </test> <!-- Default test -->
  </suite> <!-- Default suite -->
</testng-results>
