<?xml version="1.0" encoding="UTF-8"?>
<!-- Generated by org.testng.reporters.JUnitXMLReporter -->
<testsuite ignored="3" hostname="DESKTOP-GH57NSN" failures="1" tests="1" name="Default test(failed)(failed)(failed)" time="24.835" errors="0" timestamp="31 Jul 2019 10:17:55 GMT">
  <testcase classname="com.eweblife.TestCases.TestRSVPSignUpForm" name="submitAfterFillingTest" time="0.009">
    <failure type="java.lang.Error" message="Unresolved compilation problem: 
	Unhandled exception type InterruptedException
">
      <![CDATA[java.lang.Error: Unresolved compilation problem: 
Unhandled exception type InterruptedException

at com.eweblife.TestCases.TestRSVPSignUpForm.submitAfterFillingTest(TestRSVPSignUpForm.java:51)
... Removed 25 stack frames]]>
    </failure>
  </testcase> <!-- submitAfterFillingTest -->
  <testcase classname="com.eweblife.TestCases.TestRSVPSignUpForm" name="profileImageFunctionalityTest" time="0.0">
    <ignored/>
  </testcase> <!-- profileImageFunctionalityTest -->
  <testcase classname="com.eweblife.TestCases.TestRSVPSignUpForm" name="submitWithoutFillingTest" time="0.0">
    <ignored/>
  </testcase> <!-- submitWithoutFillingTest -->
  <testcase classname="com.eweblife.TestCases.TestRSVPSignUpForm" name="signUpPageTitleTest" time="0.0">
    <ignored/>
  </testcase> <!-- signUpPageTitleTest -->
</testsuite> <!-- Default test(failed)(failed)(failed) -->
