<?xml version="1.0" encoding="UTF-8"?>
<!-- Generated by org.testng.reporters.JUnitXMLReporter -->
<testsuite ignored="3" hostname="DESKTOP-GH57NSN" failures="0" tests="1" name="Default test(failed)" time="50.563" errors="0" timestamp="31 Jul 2019 19:10:47 GMT">
  <testcase classname="com.eweblife.TestCases.TestRSVPSignUpForm" name="submitAfterFillingTest" time="14.865"/>
  <testcase classname="com.eweblife.TestCases.TestRSVPSignUpForm" name="profileImageFunctionalityTest" time="0.0">
    <ignored/>
  </testcase> <!-- profileImageFunctionalityTest -->
  <testcase classname="com.eweblife.TestCases.TestRSVPSignUpForm" name="submitWithoutFillingTest" time="0.0">
    <ignored/>
  </testcase> <!-- submitWithoutFillingTest -->
  <testcase classname="com.eweblife.TestCases.TestRSVPSignUpForm" name="signUpPageTitleTest" time="0.0">
    <ignored/>
  </testcase> <!-- signUpPageTitleTest -->
</testsuite> <!-- Default test(failed) -->
